<?xml version="1.0" encoding="UTF-8"?>
<!-- Generated by org.testng.reporters.JUnitReportReporter -->
<testsuite hostname="serahate-4S6RKN3" failures="0" tests="27" name="Base_Class.NewParentClass" time="239.742" errors="0" timestamp="2024-02-12T11:14:14 IST" skipped="0">
  <testcase classname="Base_Class.NewParentClass" name="testABLPAK" time="3.045"/>
  <testcase classname="Base_Class.NewParentClass" name="testAUB" time="62.651"/>
  <testcase classname="Base_Class.NewParentClass" name="testAJWB" time="28.050"/>
  <testcase classname="Base_Class.NewParentClass" name="testBAHL" time="1.532"/>
  <testcase classname="Base_Class.NewParentClass" name="testBPI" time="2.798"/>
  <testcase classname="Base_Class.NewParentClass" name="testBCA" time="2.852"/>
  <testcase classname="Base_Class.NewParentClass" name="testBDO" time="3.592"/>
  <testcase classname="Base_Class.NewParentClass" name="testBRI" time="15.521"/>
  <testcase classname="Base_Class.NewParentClass" name="testGIBL" time="19.030"/>
  <testcase classname="Base_Class.NewParentClass" name="testHABIB" time="1.597"/>
  <testcase classname="Base_Class.NewParentClass" name="testHDFC" time="1.557"/>
  <testcase classname="Base_Class.NewParentClass" name="testHBTF" time="1.544"/>
  <testcase classname="Base_Class.NewParentClass" name="testICICI" time="2.116"/>
  <testcase classname="Base_Class.NewParentClass" name="testIBBL" time="14.827"/>
  <testcase classname="Base_Class.NewParentClass" name="testJBL" time="28.882"/>
  <testcase classname="Base_Class.NewParentClass" name="testMBTC" time="28.869"/>
  <testcase classname="Base_Class.NewParentClass" name="testMCB" time="1.571"/>
  <testcase classname="Base_Class.NewParentClass" name="testBNI" time="2.850"/>
  <testcase classname="Base_Class.NewParentClass" name="testPB" time="1.528"/>
  <testcase classname="Base_Class.NewParentClass" name="testPNB" time="2.893"/>
  <testcase classname="Base_Class.NewParentClass" name="testSAMPATH" time="2.853"/>
  <testcase classname="Base_Class.NewParentClass" name="testSBL" time="1.626"/>
  <testcase classname="Base_Class.NewParentClass" name="testSEBL" time="1.570"/>
  <testcase classname="Base_Class.NewParentClass" name="testSBI" time="1.449"/>
  <testcase classname="Base_Class.NewParentClass" name="testFBL" time="1.688"/>
  <testcase classname="Base_Class.NewParentClass" name="testUBL" time="1.640"/>
  <testcase classname="Base_Class.NewParentClass" name="testBM" time="1.611"/>
</testsuite> <!-- Base_Class.NewParentClass -->
